app/build/intermediates/manifest_merge_blame_file/debug/manifest-merger-blame-debug-report.txt
1<?xml version="1.0" encoding="utf-8"?>
2<manifest xmlns:android="http://schemas.android.com/apk/res/android"
3    package="com.nrmyw.launcher"
4    android:versionCode="1"
5    android:versionName="1.0" >
6
7    <uses-sdk
8        android:minSdkVersion="21"
8-->src\main\AndroidManifest.xml
9        android:targetSdkVersion="30" />
9-->src\main\AndroidManifest.xml
10
11    <uses-feature android:name="android.hardware.usb.host" />
11-->src\main\AndroidManifest.xml:4:5-61
11-->src\main\AndroidManifest.xml:4:19-59
12    <uses-feature android:name="android.hardware.camera" />
12-->src\main\AndroidManifest.xml:5:5-60
12-->src\main\AndroidManifest.xml:5:19-57
13    <uses-feature android:name="android.hardware.camera.autofocus" />
13-->src\main\AndroidManifest.xml:6:5-70
13-->src\main\AndroidManifest.xml:6:19-67
14
15    <uses-permission android:name="android.hardware.usb.host" />
15-->src\main\AndroidManifest.xml:7:5-65
15-->src\main\AndroidManifest.xml:7:22-62
16
17    <uses-feature
17-->src\main\AndroidManifest.xml:8:5-10:35
18        android:name="android.hardware.bluetooth_le"
18-->src\main\AndroidManifest.xml:9:9-53
19        android:required="true" />
19-->src\main\AndroidManifest.xml:10:9-32
20    <!-- b -->
21    <uses-permission android:name="android.permission.ACCESS_SUPERlandscape" />
21-->src\main\AndroidManifest.xml:12:5-80
21-->src\main\AndroidManifest.xml:12:22-77
22    <uses-permission android:name="android.permission.ACCESS_WIFI_STATE" />
22-->src\main\AndroidManifest.xml:13:5-76
22-->src\main\AndroidManifest.xml:13:22-73
23    <uses-permission android:name="android.permission.ACCESS_NETWORK_STATE" />
23-->src\main\AndroidManifest.xml:14:5-79
23-->src\main\AndroidManifest.xml:14:22-76
24    <!-- c -->
25    <uses-permission android:name="android.permission.ACCESS_MOCK_LOCATION" />
25-->src\main\AndroidManifest.xml:16:5-17:60
25-->src\main\AndroidManifest.xml:16:22-76
26    <uses-permission android:name="android.permission.ACCESS_COARSE_LOCATION" />
26-->src\main\AndroidManifest.xml:18:5-81
26-->src\main\AndroidManifest.xml:18:22-78
27    <uses-permission android:name="android.permission.ACCESS_FINE_LOCATION" />
27-->src\main\AndroidManifest.xml:19:5-79
27-->src\main\AndroidManifest.xml:19:22-76
28    <uses-permission android:name="android.permission.BLUETOOTH" />
28-->src\main\AndroidManifest.xml:20:5-68
28-->src\main\AndroidManifest.xml:20:22-65
29    <uses-permission android:name="android.permission.BLUETOOTH_ADMIN" />
29-->src\main\AndroidManifest.xml:21:5-74
29-->src\main\AndroidManifest.xml:21:22-71
30    <!-- d -->
31    <uses-permission android:name="android.permission.BLUETOOTH_PRIVILEGED" />
31-->src\main\AndroidManifest.xml:23:5-24:47
31-->src\main\AndroidManifest.xml:23:22-76
32    <!-- g -->
33    <uses-permission android:name="android.permission.CHANGE_NETWORK_STATE" />
33-->src\main\AndroidManifest.xml:26:5-79
33-->src\main\AndroidManifest.xml:26:22-76
34    <!-- r -->
35    <uses-permission android:name="android.permission.CHANGE_WIFI_STATE" />
35-->src\main\AndroidManifest.xml:28:5-76
35-->src\main\AndroidManifest.xml:28:22-73
36    <uses-permission android:name="android.permission.CHANGE_CONFIGURATION" />
36-->src\main\AndroidManifest.xml:29:5-30:47
36-->src\main\AndroidManifest.xml:29:22-76
37    <uses-permission android:name="android.permission.CAMERA" />
37-->src\main\AndroidManifest.xml:31:5-65
37-->src\main\AndroidManifest.xml:31:22-62
38    <uses-permission android:name="android.permission.CONNECTIVITY_INTERNAL" />
38-->src\main\AndroidManifest.xml:32:5-33:47
38-->src\main\AndroidManifest.xml:32:22-77
39    <uses-permission android:name="android.permission.DISABLE_KEYGUARD" />
39-->src\main\AndroidManifest.xml:34:5-75
39-->src\main\AndroidManifest.xml:34:22-72
40    <uses-permission android:name="android.permission.GET_TASKS" />
40-->src\main\AndroidManifest.xml:35:5-68
40-->src\main\AndroidManifest.xml:35:22-65
41    <!-- i -->
42    <uses-permission android:name="android.permission.RECORD_AUDIO" />
42-->src\main\AndroidManifest.xml:37:5-71
42-->src\main\AndroidManifest.xml:37:22-68
43    <!-- 静默安装 -->
44    <uses-permission android:name="android.permission.RECORD_VIDEO" />
44-->src\main\AndroidManifest.xml:39:5-71
44-->src\main\AndroidManifest.xml:39:22-68
45    <!-- m -->
46    <uses-permission android:name="android.permission.READ_FRAME_BUFFER" />
46-->src\main\AndroidManifest.xml:41:5-42:47
46-->src\main\AndroidManifest.xml:41:22-73
47    <uses-permission android:name="android.permission.READ_EXTERNAL_STORAGE" />
47-->src\main\AndroidManifest.xml:43:5-80
47-->src\main\AndroidManifest.xml:43:22-77
48    <!-- w -->
49    <uses-permission android:name="android.permission.READ_PHONE_STATE" />
49-->src\main\AndroidManifest.xml:45:5-75
49-->src\main\AndroidManifest.xml:45:22-72
50    <uses-permission android:name="android.permission.RECEIVE_BOOT_COMPLETED" />
50-->src\main\AndroidManifest.xml:46:5-81
50-->src\main\AndroidManifest.xml:46:22-78
51    <uses-permission android:name="android.permission.INTERNET" />
51-->src\main\AndroidManifest.xml:47:5-67
51-->src\main\AndroidManifest.xml:47:22-64
52    <uses-permission android:name="android.permission.INSTALL_PACKAGES" />
52-->src\main\AndroidManifest.xml:48:5-49:47
52-->src\main\AndroidManifest.xml:48:22-72
53    <!-- s -->
54    <uses-permission android:name="android.permission.MOUNT_UNMOUNT_FILESYSTEMS" />
54-->src\main\AndroidManifest.xml:51:5-52:47
54-->src\main\AndroidManifest.xml:51:22-81
55    <!-- 在 屏幕最顶部显示addview -->
56    <uses-permission android:name="android.permission.MODIFY_AUDIO_SETTINGS" />
56-->src\main\AndroidManifest.xml:54:5-80
56-->src\main\AndroidManifest.xml:54:22-77
57    <uses-permission android:name="android.permission.WRITE_EXTERNAL_STORAGE" />
57-->src\main\AndroidManifest.xml:55:5-81
57-->src\main\AndroidManifest.xml:55:22-78
58    <!-- v -->
59    <uses-permission android:name="android.permission.WAKE_LOCK" />
59-->src\main\AndroidManifest.xml:57:5-68
59-->src\main\AndroidManifest.xml:57:22-65
60    <uses-permission android:name="android.permission.WRITE_SETTINGS" />
60-->src\main\AndroidManifest.xml:58:5-59:47
60-->src\main\AndroidManifest.xml:58:22-70
61    <uses-permission android:name="android.permission.WRITE_SECURE_SETTINGS" />
61-->src\main\AndroidManifest.xml:60:5-61:47
61-->src\main\AndroidManifest.xml:60:22-77
62    <uses-permission android:name="android.permission.QUERY_ALL_PACKAGES" />
62-->src\main\AndroidManifest.xml:63:5-64:53
62-->src\main\AndroidManifest.xml:63:22-74
63    <uses-permission android:name="android.permission.SYSTEM_ALERT_WINDOW" />
63-->src\main\AndroidManifest.xml:65:5-78
63-->src\main\AndroidManifest.xml:65:22-75
64    <uses-permission android:name="android.permission.SYSTEM_OVERLAY_WINDOW" />
64-->src\main\AndroidManifest.xml:66:5-80
64-->src\main\AndroidManifest.xml:66:22-77
65    <uses-permission android:name="android.permission.SERIAL_PORT" />
65-->src\main\AndroidManifest.xml:67:5-68:47
65-->src\main\AndroidManifest.xml:67:22-67
66    <uses-permission android:name="android.permission.RECOVERY" />
66-->src\main\AndroidManifest.xml:69:5-70:47
66-->src\main\AndroidManifest.xml:69:22-64
67
68    <!-- Required -->
69    <uses-permission android:name="android.permission.VIBRATE" />
69-->src\main\AndroidManifest.xml:73:5-66
69-->src\main\AndroidManifest.xml:73:22-63
70    <uses-permission android:name="android.permission.RECEIVE_BOOT_COMPLETED" />
70-->src\main\AndroidManifest.xml:46:5-81
70-->src\main\AndroidManifest.xml:46:22-78
71    <uses-permission android:name="android.permission.SYSTEM_ALERT_WINDOW" />
71-->src\main\AndroidManifest.xml:65:5-78
71-->src\main\AndroidManifest.xml:65:22-75
72    <uses-permission android:name="android.hardware.sensor.accelerometer" />
72-->src\main\AndroidManifest.xml:76:5-76
72-->src\main\AndroidManifest.xml:76:22-74
73    <uses-permission android:name="android.permission.MANAGE_EXTERNAL_STORAGE" />
73-->src\main\AndroidManifest.xml:77:5-78:40
73-->src\main\AndroidManifest.xml:77:22-79
74    <!-- 硬件加速对X5视频播放非常重要，建议开启 -->
75    <uses-permission android:name="android.permission.GET_TASKS" />
75-->src\main\AndroidManifest.xml:35:5-68
75-->src\main\AndroidManifest.xml:35:22-65
76
77    <application
77-->src\main\AndroidManifest.xml:83:5-147:19
78        android:allowBackup="true"
78-->src\main\AndroidManifest.xml:84:9-35
79        android:appComponentFactory="androidx.core.app.CoreComponentFactory"
79-->[androidx.core:core:1.3.0] AndroidManifest.xml:24:18-86
80        android:debuggable="true"
81        android:icon="@mipmap/ic_launcher"
81-->src\main\AndroidManifest.xml:85:9-43
82        android:label="@string/app_name"
82-->src\main\AndroidManifest.xml:86:9-41
83        android:roundIcon="@mipmap/ic_launcher_round"
83-->src\main\AndroidManifest.xml:87:9-54
84        android:supportsRtl="true"
84-->src\main\AndroidManifest.xml:88:9-35
85        android:testOnly="true"
86        android:theme="@style/NewBee.BaseImmersiveThemeTransparentNavigation"
86-->src\main\AndroidManifest.xml:91:9-78
87        android:usesCleartextTraffic="true" >
87-->src\main\AndroidManifest.xml:89:9-44
88        <uses-library
88-->src\main\AndroidManifest.xml:92:9-94:40
89            android:name="org.apache.http.legacy"
89-->src\main\AndroidManifest.xml:93:13-50
90            android:required="false" />
90-->src\main\AndroidManifest.xml:94:13-37
91
92        <activity
92-->src\main\AndroidManifest.xml:99:9-129:20
93            android:name="com.newbee.lixiaomodel.DemoActivity"
93-->src\main\AndroidManifest.xml:100:13-63
94            android:clearTaskOnLaunch="true"
94-->src\main\AndroidManifest.xml:102:13-45
95            android:configChanges="keyboard|keyboardHidden|mcc|mnc|navigation|orientation|screenSize|screenLayout|smallestScreenSize"
95-->src\main\AndroidManifest.xml:106:13-134
96            android:enabled="true"
96-->src\main\AndroidManifest.xml:110:13-35
97            android:launchMode="singleTask"
97-->src\main\AndroidManifest.xml:101:13-44
98            android:resizeableActivity="true"
98-->src\main\AndroidManifest.xml:107:13-46
99            android:resumeWhilePausing="true"
99-->src\main\AndroidManifest.xml:108:13-46
100            android:screenOrientation="landscape"
100-->src\main\AndroidManifest.xml:105:13-50
101            android:stateNotNeeded="true"
101-->src\main\AndroidManifest.xml:103:13-42
102            android:taskAffinity=""
102-->src\main\AndroidManifest.xml:109:13-36
103            android:windowSoftInputMode="adjustPan" >
103-->src\main\AndroidManifest.xml:104:13-52
104            <intent-filter>
104-->src\main\AndroidManifest.xml:111:13-128:29
105
106                <!-- 自主添加调式 -->
107
108                <action android:name="android.intent.action.VIEW" />
108-->src\main\AndroidManifest.xml:114:17-68
108-->src\main\AndroidManifest.xml:114:25-66
109
110                <category android:name="android.intent.category.LAUNCHER" />
110-->src\main\AndroidManifest.xml:115:17-76
110-->src\main\AndroidManifest.xml:115:27-74
111                <!-- 自主添加调式 -->
112                <!-- <action android:name="android.intent.action.MAIN" /> -->
113                <!-- <action android:name="com.cultraview.launcher.MAIN" /> -->
114                <!-- <action android:name="android.intent.action.VIEW" /> -->
115                <!-- <category android:name="android.intent.category.LAUNCHER" /> -->
116                <!-- <category android:name="android.intent.category.HOME" /> -->
117                <!-- <category android:name="android.intent.category.DEFAULT" /> -->
118                <action android:name="android.intent.action.MAIN" />
118-->src\main\AndroidManifest.xml:123:17-69
118-->src\main\AndroidManifest.xml:123:25-66
119
120                <category android:name="android.intent.category.HOME" />
120-->src\main\AndroidManifest.xml:124:17-73
120-->src\main\AndroidManifest.xml:124:27-70
121                <category android:name="android.intent.category.DEFAULT" />
121-->src\main\AndroidManifest.xml:125:17-76
121-->src\main\AndroidManifest.xml:125:27-73
122                <category android:name="android.intent.category.MONKEY" />
122-->src\main\AndroidManifest.xml:126:17-74
122-->src\main\AndroidManifest.xml:126:27-72
123                <category android:name="android.intent.category.LAUNCHER_APP" />
123-->src\main\AndroidManifest.xml:127:17-81
123-->src\main\AndroidManifest.xml:127:27-78
124            </intent-filter>
125        </activity>
126
127        <receiver
127-->src\main\AndroidManifest.xml:134:9-146:20
128            android:name="com.lixiao.build.util.systemapp.broadcastreceiver.SystemAppReceiver"
128-->src\main\AndroidManifest.xml:135:13-95
129            android:enabled="true" >
129-->src\main\AndroidManifest.xml:136:13-35
130            <intent-filter>
130-->src\main\AndroidManifest.xml:137:13-145:29
131                <action android:name="android.intent.action.PACKAGE_ADDED" />
131-->src\main\AndroidManifest.xml:138:17-85
131-->src\main\AndroidManifest.xml:138:25-75
132                <action android:name="android.intent.action.PACKAGE_CHANGED" />
132-->src\main\AndroidManifest.xml:139:17-87
132-->src\main\AndroidManifest.xml:139:25-77
133                <action android:name="android.intent.action.PACKAGE_REMOVED" />
133-->src\main\AndroidManifest.xml:140:17-87
133-->src\main\AndroidManifest.xml:140:25-77
134                <action android:name="android.intent.action.PACKAGE_REPLACED" />
134-->src\main\AndroidManifest.xml:141:17-88
134-->src\main\AndroidManifest.xml:141:25-78
135                <action android:name="android.intent.action.PACKAGE_RESTARTED" />
135-->src\main\AndroidManifest.xml:142:17-89
135-->src\main\AndroidManifest.xml:142:25-79
136                <action android:name="android.intent.action.PACKAGE_INSTALL" />
136-->src\main\AndroidManifest.xml:143:17-87
136-->src\main\AndroidManifest.xml:143:25-77
137
138                <data android:scheme="package" />
138-->src\main\AndroidManifest.xml:144:17-55
138-->src\main\AndroidManifest.xml:144:23-47
139            </intent-filter>
140        </receiver>
141    </application>
142
143</manifest>